# JRE version: OpenJDK Runtime Environment (11.0.13) (build 11.0.13+0-b1751.21-8125866)
# Java VM: OpenJDK 64-Bit Server VM (11.0.13+0-b1751.21-8125866, mixed mode, tiered, compressed oops, g1 gc, windows-amd64)
Heap:
 garbage-first heap   total 303104K, used 147583K [0x0000000080000000, 0x0000000100000000)
  region size 1024K, 46 young (47104K), 14 survivors (14336K)
 Metaspace       used 103839K, capacity 106470K, committed 106708K, reserved 1142784K
  class space    used 13058K, capacity 14080K, committed 14188K, reserved 1048576K
GC Heap History (20 events):
Event: 6.493 GC heap before
{Heap before GC invocations=10 (full 0):
 garbage-first heap   total 251904K, used 116660K [0x0000000080000000, 0x0000000100000000)
  region size 1024K, 83 young (84992K), 17 survivors (17408K)
 Metaspace       used 59038K, capacity 60360K, committed 60496K, reserved 1101824K
  class space    used 7444K, capacity 7986K, committed 8096K, reserved 1048576K
}
Event: 6.508 GC heap after
{Heap after GC invocations=11 (full 0):
 garbage-first heap   total 251904K, used 55192K [0x0000000080000000, 0x0000000100000000)
  region size 1024K, 4 young (4096K), 4 survivors (4096K)
 Metaspace       used 59038K, capacity 60360K, committed 60496K, reserved 1101824K
  class space    used 7444K, capacity 7986K, committed 8096K, reserved 1048576K
}
Event: 7.611 GC heap before
{Heap before GC invocations=12 (full 0):
 garbage-first heap   total 251904K, used 166808K [0x0000000080000000, 0x0000000100000000)
  region size 1024K, 106 young (108544K), 4 survivors (4096K)
 Metaspace       used 67780K, capacity 69269K, committed 69456K, reserved 1110016K
  class space    used 8526K, capacity 9102K, committed 9120K, reserved 1048576K
}
Event: 7.620 GC heap after
{Heap after GC invocations=13 (full 0):
 garbage-first heap   total 303104K, used 61508K [0x0000000080000000, 0x0000000100000000)
  region size 1024K, 11 young (11264K), 11 survivors (11264K)
 Metaspace       used 67780K, capacity 69269K, committed 69456K, reserved 1110016K
  class space    used 8526K, capacity 9102K, committed 9120K, reserved 1048576K
}
Event: 9.247 GC heap before
{Heap before GC invocations=13 (full 0):
 garbage-first heap   total 303104K, used 191556K [0x0000000080000000, 0x0000000100000000)
  region size 1024K, 138 young (141312K), 11 survivors (11264K)
 Metaspace       used 76781K, capacity 78403K, committed 78544K, reserved 1118208K
  class space    used 9886K, capacity 10528K, committed 10528K, reserved 1048576K
}
Event: 9.264 GC heap after
{Heap after GC invocations=14 (full 0):
 garbage-first heap   total 303104K, used 71039K [0x0000000080000000, 0x0000000100000000)
  region size 1024K, 17 young (17408K), 17 survivors (17408K)
 Metaspace       used 76781K, capacity 78403K, committed 78544K, reserved 1118208K
  class space    used 9886K, capacity 10528K, committed 10528K, reserved 1048576K
}
Event: 10.897 GC heap before
{Heap before GC invocations=14 (full 0):
 garbage-first heap   total 303104K, used 209279K [0x0000000080000000, 0x0000000100000000)
  region size 1024K, 153 young (156672K), 17 survivors (17408K)
 Metaspace       used 86314K, capacity 88474K, committed 88656K, reserved 1126400K
  class space    used 11251K, capacity 12108K, committed 12192K, reserved 1048576K
}
Event: 10.918 GC heap after
{Heap after GC invocations=15 (full 0):
 garbage-first heap   total 303104K, used 81818K [0x0000000080000000, 0x0000000100000000)
  region size 1024K, 20 young (20480K), 20 survivors (20480K)
 Metaspace       used 86314K, capacity 88474K, committed 88656K, reserved 1126400K
  class space    used 11251K, capacity 12108K, committed 12192K, reserved 1048576K
}
Event: 11.967 GC heap before
{Heap before GC invocations=15 (full 0):
 garbage-first heap   total 303104K, used 214938K [0x0000000080000000, 0x0000000100000000)
  region size 1024K, 151 young (154624K), 20 survivors (20480K)
 Metaspace       used 88632K, capacity 90898K, committed 91088K, reserved 1128448K
  class space    used 11415K, capacity 12267K, committed 12320K, reserved 1048576K
}
Event: 11.986 GC heap after
{Heap after GC invocations=16 (full 0):
 garbage-first heap   total 303104K, used 91119K [0x0000000080000000, 0x0000000100000000)
  region size 1024K, 12 young (12288K), 12 survivors (12288K)
 Metaspace       used 88632K, capacity 90898K, committed 91088K, reserved 1128448K
  class space    used 11415K, capacity 12267K, committed 12320K, reserved 1048576K
}
Event: 14.083 GC heap before
{Heap before GC invocations=16 (full 0):
 garbage-first heap   total 303104K, used 222191K [0x0000000080000000, 0x0000000100000000)
  region size 1024K, 141 young (144384K), 12 survivors (12288K)
 Metaspace       used 93645K, capacity 95885K, committed 96080K, reserved 1132544K
  class space    used 12021K, capacity 12883K, committed 12960K, reserved 1048576K
}
Event: 14.101 GC heap after
{Heap after GC invocations=17 (full 0):
 garbage-first heap   total 303104K, used 100762K [0x0000000080000000, 0x0000000100000000)
  region size 1024K, 13 young (13312K), 13 survivors (13312K)
 Metaspace       used 93645K, capacity 95885K, committed 96080K, reserved 1132544K
  class space    used 12021K, capacity 12883K, committed 12960K, reserved 1048576K
}
Event: 15.209 GC heap before
{Heap before GC invocations=17 (full 0):
 garbage-first heap   total 303104K, used 241050K [0x0000000080000000, 0x0000000100000000)
  region size 1024K, 104 young (106496K), 13 survivors (13312K)
 Metaspace       used 98652K, capacity 101112K, committed 101256K, reserved 1136640K
  class space    used 12632K, capacity 13566K, committed 13600K, reserved 1048576K
}
Event: 15.222 GC heap after
{Heap after GC invocations=18 (full 0):
 garbage-first heap   total 303104K, used 121576K [0x0000000080000000, 0x0000000100000000)
  region size 1024K, 8 young (8192K), 8 survivors (8192K)
 Metaspace       used 98652K, capacity 101112K, committed 101256K, reserved 1136640K
  class space    used 12632K, capacity 13566K, committed 13600K, reserved 1048576K
}
Event: 121.061 GC heap before
{Heap before GC invocations=19 (full 0):
 garbage-first heap   total 303104K, used 244456K [0x0000000080000000, 0x0000000100000000)
  region size 1024K, 120 young (122880K), 8 survivors (8192K)
 Metaspace       used 100608K, capacity 103007K, committed 103252K, reserved 1138688K
  class space    used 12736K, capacity 13665K, committed 13804K, reserved 1048576K
}
Event: 121.073 GC heap after
{Heap after GC invocations=20 (full 0):
 garbage-first heap   total 303104K, used 105732K [0x0000000080000000, 0x0000000100000000)
  region size 1024K, 10 young (10240K), 10 survivors (10240K)
 Metaspace       used 100608K, capacity 103007K, committed 103252K, reserved 1138688K
  class space    used 12736K, capacity 13665K, committed 13804K, reserved 1048576K
}
Event: 126.223 GC heap before
{Heap before GC invocations=21 (full 0):
 garbage-first heap   total 303104K, used 237828K [0x0000000080000000, 0x0000000100000000)
  region size 1024K, 140 young (143360K), 10 survivors (10240K)
 Metaspace       used 103228K, capacity 105871K, committed 106068K, reserved 1140736K
  class space    used 13038K, capacity 14044K, committed 14060K, reserved 1048576K
}
Event: 126.239 GC heap after
{Heap after GC invocations=22 (full 0):
 garbage-first heap   total 303104K, used 111414K [0x0000000080000000, 0x0000000100000000)
  region size 1024K, 15 young (15360K), 15 survivors (15360K)
 Metaspace       used 103228K, capacity 105871K, committed 106068K, reserved 1140736K
  class space    used 13038K, capacity 14044K, committed 14060K, reserved 1048576K
}
Event: 142.376 GC heap before
{Heap before GC invocations=22 (full 0):
 garbage-first heap   total 303104K, used 241462K [0x0000000080000000, 0x0000000100000000)
  region size 1024K, 143 young (146432K), 15 survivors (15360K)
 Metaspace       used 103690K, capacity 106374K, committed 106708K, reserved 1142784K
  class space    used 13055K, capacity 14073K, committed 14188K, reserved 1048576K
}
Event: 142.393 GC heap after
{Heap after GC invocations=23 (full 0):
 garbage-first heap   total 303104K, used 116863K [0x0000000080000000, 0x0000000100000000)
  region size 1024K, 14 young (14336K), 14 survivors (14336K)
 Metaspace       used 103690K, capacity 106374K, committed 106708K, reserved 1142784K
  class space    used 13055K, capacity 14073K, committed 14188K, reserved 1048576K
}

